0 info it worked if it ends with ok
1 verbose cli [ '/usr/local/bin/node', '/usr/local/bin/npm', 'start' ]
2 info using npm@3.3.12
3 info using node@v5.5.0
4 verbose run-script [ 'prestart', 'start', 'poststart' ]
5 info lifecycle TechBlogServer@1.0.0~prestart: TechBlogServer@1.0.0
6 silly lifecycle TechBlogServer@1.0.0~prestart: no script for prestart, continuing
7 info lifecycle TechBlogServer@1.0.0~start: TechBlogServer@1.0.0
8 verbose lifecycle TechBlogServer@1.0.0~start: unsafe-perm in lifecycle true
9 verbose lifecycle TechBlogServer@1.0.0~start: PATH: /usr/local/lib/node_modules/npm/bin/node-gyp-bin:/Users/hexinlai/Documents/TechBlog/TechBlog-Server/node_modules/.bin:/Applications/MAMP/bin/php/php5.6.10/bin:/Library/Frameworks/Python.framework/Versions/3.4/bin:/usr/bin:/bin:/usr/sbin:/sbin:/usr/local/bin:/Users/hexinlai/Downloads/eclipse-se/sdk/platform-tools:/Users/hexinlai/Downloads/eclipse-se/sdk/tools:/usr/share/jflex-1.6.0/lib/jflex-1.6.0.jar:/usr/share/jflex-1.6.0/lib/java-cup-11a.jar:/Users/hexinlai/Downloads/minimal/jar/java-cup-11a-runtime.jar:/Users/hexinlai/Downloads/minimal/bin:/Users/hexinlai/Downloads/minimal/bin/java-cup-11a.jar:/Users/hexinlai/Downloads/minimal/lib/java-cup-11a-runtime.jar:/usr/share/jflex-1.6.0/lib:/Users/hexinlai/Downloads/apache-ant-1.9.4/bin:/Users/hexinlai/Downloads/mongodb-osx-x86_64-3.2.6/bin
10 verbose lifecycle TechBlogServer@1.0.0~start: CWD: /Users/hexinlai/Documents/TechBlog/TechBlog-Server
11 silly lifecycle TechBlogServer@1.0.0~start: Args: [ '-c', 'nodemon app.js' ]
12 info lifecycle TechBlogServer@1.0.0~start: Failed to exec start script
13 verbose stack Error: TechBlogServer@1.0.0 start: `nodemon app.js`
13 verbose stack spawn ENOENT
13 verbose stack     at ChildProcess.<anonymous> (/usr/local/lib/node_modules/npm/lib/utils/spawn.js:17:16)
13 verbose stack     at emitTwo (events.js:100:13)
13 verbose stack     at ChildProcess.emit (events.js:185:7)
13 verbose stack     at maybeClose (internal/child_process.js:821:16)
13 verbose stack     at Process.ChildProcess._handle.onexit (internal/child_process.js:211:5)
14 verbose pkgid TechBlogServer@1.0.0
15 verbose cwd /Users/hexinlai/Documents/TechBlog/TechBlog-Server
16 error Darwin 13.3.0
17 error argv "/usr/local/bin/node" "/usr/local/bin/npm" "start"
18 error node v5.5.0
19 error npm  v3.3.12
20 error file sh
21 error code ELIFECYCLE
22 error errno ENOENT
23 error syscall spawn
24 error TechBlogServer@1.0.0 start: `nodemon app.js`
24 error spawn ENOENT
25 error Failed at the TechBlogServer@1.0.0 start script 'nodemon app.js'.
25 error Make sure you have the latest version of node.js and npm installed.
25 error If you do, this is most likely a problem with the TechBlogServer package,
25 error not with npm itself.
25 error Tell the author that this fails on your system:
25 error     nodemon app.js
25 error You can get their info via:
25 error     npm owner ls TechBlogServer
25 error There is likely additional logging output above.
26 verbose exit [ 1, true ]
